ncc_main
Commit 58fd86c
Update case_insensitive_dict.py
Graph Data for Account:  555045483459
  # of Nodes:              128 (22 admins)
  # of Edges:              118
  # of Groups:             1
  # of (tracked) Policies: 205
./pmapper.py --profile nb-read-only graph create  454.85s user 3.17s system 70% cpu 10:45.93 total

fenner_change
Commit d146430
fix ssm bug
Graph Data for Account:  555045483459
  # of Nodes:              128 (22 admins)
  # of Edges:              118
  # of Groups:             1
  # of (tracked) Policies: 205
./pmapper.py --profile nb-read-only graph create  35.65s user 9.69s system 21% cpu 3:26.44 total

Commit 35d942d
Gathering MT
Graph Data for Account:  555045483459
  # of Nodes:              128 (22 admins)
  # of Edges:              118
  # of Groups:             1
  # of (tracked) Policies: 185
./pmapper.py --profile nb-read-only graph create  64.12s user 17.87s system 41% cpu 3:18.81 total

purge and rerun
Graph Data for Account:  555045483459
  # of Nodes:              128 (22 admins)
  # of Edges:              118
  # of Groups:             1
  # of (tracked) Policies: 185
./pmapper.py --profile nb-read-only graph create  64.40s user 17.93s system 41% cpu 3:18.71 total


Graph Data for Account:  555045483459
  # of Nodes:              128 (22 admins)
  # of Edges:              118
  # of Groups:             1
  # of (tracked) Policies: 190
./pmapper.py --profile nb-read-only graph create  64.15s user 17.63s system 41% cpu 3:17.26 total


bm
Graph Data for Account:  555045483459
  # of Nodes:              128 (22 admins)
  # of Edges:              118
  # of Groups:             1
  # of (tracked) Policies: 205
./pmapper.py --profile nb-read-only graph create  35.33s user 9.36s system 21% cpu 3:23.47 total